{
  "uid" : "3d770ada4bee28d8",
  "name" : "Valid email address: lowercase and capital leters in local part",
  "fullName" : "Register a new account testSuite.Valid email address: lowercase and capital leters in local part",
  "historyId" : "fe02b61eeda9ba3feb93c56a813530fd",
  "time" : {
    "start" : 1636769672816,
    "stop" : 1636769685864,
    "duration" : 13048
  },
  "description" : "",
  "descriptionHtml" : "",
  "status" : "failed",
  "statusMessage" : "AssertionError: expected true to be falsy",
  "statusTrace" : "AssertionError: expected true to be falsy\n                \n                Browser: Chrome 95.0.4638.69 / Linux 0.0\n                Screenshot: /home/runner/work/testcafe/testcafe/artifacts/screenshots/2021-11-13_02-14-02/test-7/Chrome_95.0.4638.69_Linux_0.0/errors/1.png\n                \n                   42 |        SEVERITY: 'normal',\n                   43 |        STORY: 'STORY-1'\n                   44 |    })(`Valid email address: ${c.name}`, async () => {\n                   45 |        await t.ctx.inputFieldsFragments.fillEmailField(c.email);\n                   46 |        await t.ctx.registrationPage.clickCreateAccountButton();\n                 > 47 |        await t.expect(await t.ctx.inputFieldsFragments.errorElementExist('email_address')).notOk();\n                   48 |    });\n                   49 |});\n                   50 |\n                   51 |test.meta({\n                   52 |    ID: '3',\n                \n                   at <anonymous> (/home/runner/work/testcafe/testcafe/tests/registrationTests.js:47:93)\n                   at asyncGeneratorStep (/home/runner/work/testcafe/testcafe/tests/registrationTests.js:4:307)\n                   at _next (/home/runner/work/testcafe/testcafe/tests/registrationTests.js:4:645)",
  "flaky" : false,
  "newFailed" : false,
  "beforeStages" : [ ],
  "testStage" : {
    "status" : "failed",
    "statusMessage" : "AssertionError: expected true to be falsy",
    "statusTrace" : "AssertionError: expected true to be falsy\n                \n                Browser: Chrome 95.0.4638.69 / Linux 0.0\n                Screenshot: /home/runner/work/testcafe/testcafe/artifacts/screenshots/2021-11-13_02-14-02/test-7/Chrome_95.0.4638.69_Linux_0.0/errors/1.png\n                \n                   42 |        SEVERITY: 'normal',\n                   43 |        STORY: 'STORY-1'\n                   44 |    })(`Valid email address: ${c.name}`, async () => {\n                   45 |        await t.ctx.inputFieldsFragments.fillEmailField(c.email);\n                   46 |        await t.ctx.registrationPage.clickCreateAccountButton();\n                 > 47 |        await t.expect(await t.ctx.inputFieldsFragments.errorElementExist('email_address')).notOk();\n                   48 |    });\n                   49 |});\n                   50 |\n                   51 |test.meta({\n                   52 |    ID: '3',\n                \n                   at <anonymous> (/home/runner/work/testcafe/testcafe/tests/registrationTests.js:47:93)\n                   at asyncGeneratorStep (/home/runner/work/testcafe/testcafe/tests/registrationTests.js:4:307)\n                   at _next (/home/runner/work/testcafe/testcafe/tests/registrationTests.js:4:645)",
    "steps" : [ ],
    "attachments" : [ {
      "uid" : "941594fb7ec65257",
      "name" : "Screenshot",
      "source" : "941594fb7ec65257.png",
      "type" : "image/png",
      "size" : 320525
    } ],
    "parameters" : [ ],
    "stepsCount" : 0,
    "attachmentsCount" : 1,
    "shouldDisplayMessage" : true,
    "hasContent" : true
  },
  "afterStages" : [ ],
  "labels" : [ {
    "name" : "feature",
    "value" : "regression"
  }, {
    "name" : "severity",
    "value" : "normal"
  }, {
    "name" : "story",
    "value" : "Register a new account testSuite"
  }, {
    "name" : "suite",
    "value" : "Register a new account testSuite"
  }, {
    "name" : "testClass",
    "value" : "Register a new account testSuite"
  }, {
    "name" : "testMethod",
    "value" : "Valid email address: lowercase and capital leters in local part"
  }, {
    "name" : "package",
    "value" : "Register a new account testSuite"
  }, {
    "name" : "resultFormat",
    "value" : "allure1"
  } ],
  "parameters" : [ {
    "name" : "JIRA Story Link",
    "value" : "https://jira.example.ca/browse/STORY-1"
  }, {
    "name" : "JIRA Test Link",
    "value" : "https://jira.example.ca/secure/Tests.jspa#/testCase/2"
  }, {
    "name" : "User Agent",
    "value" : "regression"
  } ],
  "links" : [ ],
  "hidden" : false,
  "retry" : false,
  "extra" : {
    "severity" : "normal",
    "retries" : [ ],
    "categories" : [ {
      "name" : "Product defects",
      "matchedStatuses" : [ ],
      "flaky" : false
    } ],
    "history" : {
      "statistic" : {
        "failed" : 7,
        "broken" : 0,
        "skipped" : 0,
        "passed" : 0,
        "unknown" : 0,
        "total" : 7
      },
      "items" : [ {
        "uid" : "cccdbc261b35bd10",
        "reportUrl" : "https://Perchishka.github.io/testcafe/34//#testresult/cccdbc261b35bd10",
        "status" : "failed",
        "statusDetails" : "AssertionError: expected true to be falsy",
        "time" : {
          "start" : 1636769622000,
          "stop" : 1636769632773,
          "duration" : 10773
        }
      }, {
        "uid" : "de85ddfd7341e1b4",
        "reportUrl" : "https://Perchishka.github.io/testcafe/33//#testresult/de85ddfd7341e1b4",
        "status" : "failed",
        "statusDetails" : "AssertionError: expected true to be falsy",
        "time" : {
          "start" : 1636769558399,
          "stop" : 1636769567261,
          "duration" : 8862
        }
      }, {
        "uid" : "f3d660c1f81c9b38",
        "reportUrl" : "https://Perchishka.github.io/testcafe/32//#testresult/f3d660c1f81c9b38",
        "status" : "failed",
        "statusDetails" : "AssertionError: expected true to be falsy",
        "time" : {
          "start" : 1636769536706,
          "stop" : 1636769546554,
          "duration" : 9848
        }
      }, {
        "uid" : "e574e16876123b16",
        "reportUrl" : "https://Perchishka.github.io/testcafe/31//#testresult/e574e16876123b16",
        "status" : "failed",
        "statusDetails" : "AssertionError: expected true to be falsy",
        "time" : {
          "start" : 1636768249844,
          "stop" : 1636768258895,
          "duration" : 9051
        }
      }, {
        "uid" : "a7e06dd0d8ad33fd",
        "reportUrl" : "https://Perchishka.github.io/testcafe/30//#testresult/a7e06dd0d8ad33fd",
        "status" : "failed",
        "statusDetails" : "AssertionError: expected true to be falsy",
        "time" : {
          "start" : 1636768089272,
          "stop" : 1636768099578,
          "duration" : 10306
        }
      }, {
        "uid" : "eea9ad645808b3c8",
        "reportUrl" : "https://Perchishka.github.io/testcafe/29//#testresult/eea9ad645808b3c8",
        "status" : "failed",
        "statusDetails" : "AssertionError: expected true to be falsy",
        "time" : {
          "start" : 1636767632576,
          "stop" : 1636767641681,
          "duration" : 9105
        }
      } ]
    },
    "tags" : [ ]
  },
  "source" : "3d770ada4bee28d8.json",
  "parameterValues" : [ "https://jira.example.ca/browse/STORY-1", "https://jira.example.ca/secure/Tests.jspa#/testCase/2", "regression" ]
}