{
  "uid" : "3454f7b9d768e7fe",
  "name" : "Valid email address: only capital letters in local part",
  "fullName" : "Register a new account testSuite.Valid email address: only capital letters in local part",
  "historyId" : "92462c417396b4ac9d3919f66301ddc0",
  "time" : {
    "start" : 1636768263424,
    "stop" : 1636768272708,
    "duration" : 9284
  },
  "description" : "",
  "descriptionHtml" : "",
  "status" : "failed",
  "statusMessage" : "AssertionError: expected true to be falsy",
  "statusTrace" : "AssertionError: expected true to be falsy\n                \n                Browser: Chrome 95.0.4638.69 / Linux 0.0\n                Screenshot: /home/runner/work/testcafe/testcafe/artifacts/screenshots/2021-11-13_01-50-24/test-12/Chrome_95.0.4638.69_Linux_0.0/errors/1.png\n                \n                   43 |        SEVERITY: 'normal',\n                   44 |        STORY: 'STORY-1'\n                   45 |    })(`Valid email address: ${c.name}`, async () => {\n                   46 |        await t.ctx.inputFieldsFragments.fillEmailField(c.email);\n                   47 |        await t.ctx.registrationPage.clickCreateAccountButton();\n                 > 48 |        await t.expect(await t.ctx.inputFieldsFragments.errorElementExist('email_address')).notOk();\n                   49 |    });\n                   50 |});\n                   51 |\n                   52 |test.meta({\n                   53 |    ID: '3',\n                \n                   at <anonymous> (/home/runner/work/testcafe/testcafe/tests/registrationTests.js:48:93)\n                   at asyncGeneratorStep (/home/runner/work/testcafe/testcafe/tests/registrationTests.js:4:307)\n                   at _next (/home/runner/work/testcafe/testcafe/tests/registrationTests.js:4:645)",
  "flaky" : false,
  "newFailed" : false,
  "beforeStages" : [ ],
  "testStage" : {
    "status" : "failed",
    "statusMessage" : "AssertionError: expected true to be falsy",
    "statusTrace" : "AssertionError: expected true to be falsy\n                \n                Browser: Chrome 95.0.4638.69 / Linux 0.0\n                Screenshot: /home/runner/work/testcafe/testcafe/artifacts/screenshots/2021-11-13_01-50-24/test-12/Chrome_95.0.4638.69_Linux_0.0/errors/1.png\n                \n                   43 |        SEVERITY: 'normal',\n                   44 |        STORY: 'STORY-1'\n                   45 |    })(`Valid email address: ${c.name}`, async () => {\n                   46 |        await t.ctx.inputFieldsFragments.fillEmailField(c.email);\n                   47 |        await t.ctx.registrationPage.clickCreateAccountButton();\n                 > 48 |        await t.expect(await t.ctx.inputFieldsFragments.errorElementExist('email_address')).notOk();\n                   49 |    });\n                   50 |});\n                   51 |\n                   52 |test.meta({\n                   53 |    ID: '3',\n                \n                   at <anonymous> (/home/runner/work/testcafe/testcafe/tests/registrationTests.js:48:93)\n                   at asyncGeneratorStep (/home/runner/work/testcafe/testcafe/tests/registrationTests.js:4:307)\n                   at _next (/home/runner/work/testcafe/testcafe/tests/registrationTests.js:4:645)",
    "steps" : [ ],
    "attachments" : [ {
      "uid" : "280ae0f99d4cdd7b",
      "name" : "Screenshot",
      "source" : "280ae0f99d4cdd7b.png",
      "type" : "image/png",
      "size" : 343201
    } ],
    "parameters" : [ ],
    "stepsCount" : 0,
    "attachmentsCount" : 1,
    "shouldDisplayMessage" : true,
    "hasContent" : true
  },
  "afterStages" : [ ],
  "labels" : [ {
    "name" : "feature",
    "value" : "regression"
  }, {
    "name" : "severity",
    "value" : "normal"
  }, {
    "name" : "story",
    "value" : "Register a new account testSuite"
  }, {
    "name" : "suite",
    "value" : "Register a new account testSuite"
  }, {
    "name" : "testClass",
    "value" : "Register a new account testSuite"
  }, {
    "name" : "testMethod",
    "value" : "Valid email address: only capital letters in local part"
  }, {
    "name" : "package",
    "value" : "Register a new account testSuite"
  }, {
    "name" : "resultFormat",
    "value" : "allure1"
  } ],
  "parameters" : [ {
    "name" : "JIRA Story Link",
    "value" : "https://jira.example.ca/browse/STORY-1"
  }, {
    "name" : "JIRA Test Link",
    "value" : "https://jira.example.ca/secure/Tests.jspa#/testCase/2"
  }, {
    "name" : "User Agent",
    "value" : "regression"
  } ],
  "links" : [ ],
  "hidden" : false,
  "retry" : false,
  "extra" : {
    "severity" : "normal",
    "retries" : [ ],
    "categories" : [ {
      "name" : "Product defects",
      "matchedStatuses" : [ ],
      "flaky" : false
    } ],
    "history" : {
      "statistic" : {
        "failed" : 3,
        "broken" : 0,
        "skipped" : 0,
        "passed" : 0,
        "unknown" : 0,
        "total" : 3
      },
      "items" : [ {
        "uid" : "bc303a2f07552a06",
        "reportUrl" : "https://Perchishka.github.io/testcafe/30//#testresult/bc303a2f07552a06",
        "status" : "failed",
        "statusDetails" : "AssertionError: expected true to be falsy",
        "time" : {
          "start" : 1636768098492,
          "stop" : 1636768106105,
          "duration" : 7613
        }
      }, {
        "uid" : "cc316ef186ada18d",
        "reportUrl" : "https://Perchishka.github.io/testcafe/29//#testresult/cc316ef186ada18d",
        "status" : "failed",
        "statusDetails" : "AssertionError: expected true to be falsy",
        "time" : {
          "start" : 1636767642643,
          "stop" : 1636767650387,
          "duration" : 7744
        }
      } ]
    },
    "tags" : [ ]
  },
  "source" : "3454f7b9d768e7fe.json",
  "parameterValues" : [ "https://jira.example.ca/browse/STORY-1", "https://jira.example.ca/secure/Tests.jspa#/testCase/2", "regression" ]
}